Gpu-Image/build/outputs/logs/manifest-merger-release-report.txt
-- Merging decision tree log ---
manifest
ADDED from HeadStyle\Gpu-Image\AndroidManifest.xml:2:1-4:12
INJECTED from HeadStyle\Gpu-Image\AndroidManifest.xml:2:1-4:12
INJECTED from HeadStyle\Gpu-Image\AndroidManifest.xml:2:1-4:12
INJECTED from HeadStyle\Gpu-Image\AndroidManifest.xml:2:1-4:12
INJECTED from HeadStyle\Gpu-Image\AndroidManifest.xml:2:1-4:12
INJECTED from HeadStyle\Gpu-Image\AndroidManifest.xml:2:1-4:12
INJECTED from HeadStyle\Gpu-Image\AndroidManifest.xml:2:1-4:12
	package
		ADDED from HeadStyle\Gpu-Image\AndroidManifest.xml:3:5-48
		INJECTED from HeadStyle\Gpu-Image\AndroidManifest.xml
		INJECTED from HeadStyle\Gpu-Image\AndroidManifest.xml
	android:versionName
		INJECTED from HeadStyle\Gpu-Image\AndroidManifest.xml
		ADDED from HeadStyle\Gpu-Image\AndroidManifest.xml:2:1-4:12
		INJECTED from HeadStyle\Gpu-Image\AndroidManifest.xml
	android:versionCode
		INJECTED from HeadStyle\Gpu-Image\AndroidManifest.xml
		ADDED from HeadStyle\Gpu-Image\AndroidManifest.xml:2:1-4:12
		INJECTED from HeadStyle\Gpu-Image\AndroidManifest.xml
uses-sdk
INJECTED from HeadStyle\Gpu-Image\AndroidManifest.xml reason: use-sdk injection requested
INJECTED from HeadStyle\Gpu-Image\AndroidManifest.xml
INJECTED from HeadStyle\Gpu-Image\AndroidManifest.xml
INJECTED from HeadStyle\Gpu-Image\AndroidManifest.xml
INJECTED from HeadStyle\Gpu-Image\AndroidManifest.xml
	android:targetSdkVersion
		INJECTED from HeadStyle\Gpu-Image\AndroidManifest.xml
		ADDED from HeadStyle\Gpu-Image\AndroidManifest.xml
		INJECTED from HeadStyle\Gpu-Image\AndroidManifest.xml
	android:minSdkVersion
		INJECTED from HeadStyle\Gpu-Image\AndroidManifest.xml
		ADDED from HeadStyle\Gpu-Image\AndroidManifest.xml
		INJECTED from HeadStyle\Gpu-Image\AndroidManifest.xml